#
# There is insufficient memory for the Java Runtime Environment to continue.
# Native memory allocation (mmap) failed to map 67108864 bytes for G1 virtual space
# Possible reasons:
#   The system is out of physical RAM or swap space
#   The process is running with CompressedOops enabled, and the Java Heap may be blocking the growth of the native heap
# Possible solutions:
#   Reduce memory load on the system
#   Increase physical memory or swap space
#   Check if swap backing store is full
#   Decrease Java heap size (-Xmx/-Xms)
#   Decrease number of Java threads
#   Decrease Java thread stack sizes (-Xss)
#   Set larger code cache with -XX:ReservedCodeCacheSize=
#   JVM is running with Unscaled Compressed Oops mode in which the Java heap is
#     placed in the first 4GB address space. The Java Heap base address is the
#     maximum limit for the native heap growth. Please use -XX:HeapBaseMinAddress
#     to set the Java Heap base and to place the Java Heap above 4GB virtual address.
# This output file may be truncated or incomplete.
#
#  Out of Memory Error (./open/src/hotspot/os/windows/os_windows.cpp:3321), pid=6276, tid=10168
#
# JRE version:  (15.0.2+7) (build )
# Java VM: OpenJDK 64-Bit Server VM (15.0.2+7-27, mixed mode, sharing, tiered, compressed oops, g1 gc, windows-amd64)
# No core dump will be written. Minidumps are not enabled by default on client versions of Windows
#

---------------  S U M M A R Y ------------

Command Line: -Dfile.encoding=UTF-8 -XX:+ShowCodeDetailsInExceptionMessages 빠른_A_B.Main_15552

Host: Intel(R) Celeron(R) CPU G3930 @ 2.90GHz, 2 cores, 3G,  Windows 10 , 64 bit Build 19041 (10.0.19041.804)
Time: Sat Apr 10 23:57:15 2021 대한민국 표준시 elapsed time: 0.267137 seconds (0d 0h 0m 0s)

---------------  T H R E A D  ---------------

Current thread (0x0000017abac53220):  JavaThread "Unknown thread" [_thread_in_vm, id=10168, stack(0x000000124a500000,0x000000124a600000)]

Stack: [0x000000124a500000,0x000000124a600000]
Native frames: (J=compiled Java code, j=interpreted, Vv=VM code, C=native code)
V  [jvm.dll+0x62ae9a]
V  [jvm.dll+0x7817a9]
V  [jvm.dll+0x782f03]
V  [jvm.dll+0x783563]
V  [jvm.dll+0x216325]
V  [jvm.dll+0x6281d9]
V  [jvm.dll+0x61cf55]
V  [jvm.dll+0x2cffdd]
V  [jvm.dll+0x2cfe42]
V  [jvm.dll+0x2d5e1c]
V  [jvm.dll+0x32590a]
V  [jvm.dll+0x324fd4]
V  [jvm.dll+0x2a6f5a]
V  [jvm.dll+0x2a80f8]
V  [jvm.dll+0x75e241]
V  [jvm.dll+0x3341c4]
V  [jvm.dll+0x73e926]
V  [jvm.dll+0x3b7557]
V  [jvm.dll+0x3b8fe1]
C  [jli.dll+0x52fb]
C  [ucrtbase.dll+0x21bb2]
C  [KERNEL32.DLL+0x17034]
C  [ntdll.dll+0x52651]


---------------  P R O C E S S  ---------------

Threads class SMR info:
_java_thread_list=0x00007ffd3cc44ff0, length=0, elements={
}

Java Threads: ( => current thread )

Other Threads:
  0x0000017abac7af40 GCTaskThread "GC Thread#0" [stack: 0x000000124a600000,0x000000124a700000] [id=1756]
  0x0000017abac83eb0 ConcurrentGCThread "G1 Main Marker" [stack: 0x000000124a700000,0x000000124a800000] [id=2744]
  0x0000017abac85310 ConcurrentGCThread "G1 Conc#0" [stack: 0x000000124a800000,0x000000124a900000] [id=5232]

[error occurred during error reporting (printing all threads), id 0xc0000005, EXCEPTION_ACCESS_VIOLATION (0xc0000005) at pc=0x00007ffd3c437e27]

VM state: not at safepoint (not fully initialized)

VM Mutex/Monitor currently owned by a thread:  ([mutex/lock_event])
[0x0000017abac4e600] Heap_lock - owner thread: 0x0000017abac53220

Heap address: 0x00000000c1400000, size: 1004 MB, Compressed Oops mode: 32-bit
CDS archive(s) mapped at: [0x0000000000000000-0x0000000000000000-0x0000000000000000), size 0, SharedBaseAddress: 0x0000000800000000, ArchiveRelocationMode: 0.
Narrow klass base: 0x0000000000000000, Narrow klass shift: 0, Narrow klass range: 0x0

Heap:
 garbage-first heap   total 65536K, used 0K [0x00000000c1400000, 0x0000000100000000)
  region size 1024K, 0 young (0K), 0 survivors (0K)
 Metaspace       used 0K, capacity 0K, committed 0K, reserved 0K
  class space    used 0K, capacity 0K, committed 0K, reserved 0K

Heap Regions: E=young(eden), S=young(survivor), O=old, HS=humongous(starts), HC=humongous(continues), CS=collection set, F=free, OA=open archive, CA=closed archive, TAMS=top-at-mark-start (previous, next)

Card table byte_map: [0x0000017abaa30000,0x0000017abac30000] _byte_map_base: 0x0000017aba426000

Marking Bits (Prev, Next): (CMBitMap*) 0x0000017abac7b6c0, (CMBitMap*) 0x0000017abac7b700
 Prev Bits: [0x0000017acd870000, 0x0000017ace820000)
 Next Bits: [0x0000017ace820000, 0x0000017acf7d0000)

GC Heap History (0 events):
No events

Deoptimization events (0 events):
No events

Classes unloaded (0 events):
No events

Classes redefined (0 events):
No events

Internal exceptions (0 events):
No events

Events (1 events):
Event: 0.241 Loaded shared library C:\Users\Administrator\Downloads\eclipse\plugins\org.eclipse.justj.openjdk.hotspot.jre.full.win32.x86_64_15.0.2.v20210201-0955\jre\bin\java.dll


Dynamic libraries:
0x00007ff74e720000 - 0x00007ff74e72d000 	C:\Users\Administrator\Downloads\eclipse\plugins\org.eclipse.justj.openjdk.hotspot.jre.full.win32.x86_64_15.0.2.v20210201-0955\jre\bin\javaw.exe
0x00007ffd8a250000 - 0x00007ffd8a445000 	C:\Windows\SYSTEM32\ntdll.dll
0x00007ffd89630000 - 0x00007ffd896ed000 	C:\Windows\System32\KERNEL32.DLL
0x00007ffd87e00000 - 0x00007ffd880c9000 	C:\Windows\System32\KERNELBASE.dll
0x00007ffd87a90000 - 0x00007ffd87b90000 	C:\Windows\System32\ucrtbase.dll
0x00007ffd835a0000 - 0x00007ffd835b8000 	C:\Users\Administrator\Downloads\eclipse\plugins\org.eclipse.justj.openjdk.hotspot.jre.full.win32.x86_64_15.0.2.v20210201-0955\jre\bin\jli.dll
0x00007ffd88f10000 - 0x00007ffd890b0000 	C:\Windows\System32\USER32.dll
0x00007ffd87a60000 - 0x00007ffd87a82000 	C:\Windows\System32\win32u.dll
0x00007ffd8a150000 - 0x00007ffd8a17a000 	C:\Windows\System32\GDI32.dll
0x00007ffd880d0000 - 0x00007ffd881db000 	C:\Windows\System32\gdi32full.dll
0x00007ffd87990000 - 0x00007ffd87a2d000 	C:\Windows\System32\msvcp_win.dll
0x00007ffd82e70000 - 0x00007ffd82e89000 	C:\Users\Administrator\Downloads\eclipse\plugins\org.eclipse.justj.openjdk.hotspot.jre.full.win32.x86_64_15.0.2.v20210201-0955\jre\bin\VCRUNTIME140.dll
0x00007ffd74880000 - 0x00007ffd74b1a000 	C:\Windows\WinSxS\amd64_microsoft.windows.common-controls_6595b64144ccf1df_6.0.19041.844_none_ca00b6081b84eb1d\COMCTL32.dll
0x00007ffd890c0000 - 0x00007ffd8915e000 	C:\Windows\System32\msvcrt.dll
0x00007ffd89480000 - 0x00007ffd894b0000 	C:\Windows\System32\IMM32.DLL
0x00007ffd851e0000 - 0x00007ffd851ec000 	C:\Users\Administrator\Downloads\eclipse\plugins\org.eclipse.justj.openjdk.hotspot.jre.full.win32.x86_64_15.0.2.v20210201-0955\jre\bin\vcruntime140_1.dll
0x00007ffd6c080000 - 0x00007ffd6c111000 	C:\Users\Administrator\Downloads\eclipse\plugins\org.eclipse.justj.openjdk.hotspot.jre.full.win32.x86_64_15.0.2.v20210201-0955\jre\bin\msvcp140.dll
0x00007ffd3c180000 - 0x00007ffd3ccde000 	C:\Users\Administrator\Downloads\eclipse\plugins\org.eclipse.justj.openjdk.hotspot.jre.full.win32.x86_64_15.0.2.v20210201-0955\jre\bin\server\jvm.dll
0x00007ffd88ae0000 - 0x00007ffd88b8c000 	C:\Windows\System32\ADVAPI32.dll
0x00007ffd89900000 - 0x00007ffd8999c000 	C:\Windows\System32\sechost.dll
0x00007ffd89f30000 - 0x00007ffd8a05b000 	C:\Windows\System32\RPCRT4.dll
0x00007ffd88ba0000 - 0x00007ffd88ba8000 	C:\Windows\System32\PSAPI.DLL
0x00007ffd79c00000 - 0x00007ffd79c09000 	C:\Windows\SYSTEM32\WSOCK32.dll
0x00007ffd8a1a0000 - 0x00007ffd8a20b000 	C:\Windows\System32\WS2_32.dll
0x00007ffd78060000 - 0x00007ffd78087000 	C:\Windows\SYSTEM32\WINMM.dll
0x00007ffd81cd0000 - 0x00007ffd81cda000 	C:\Windows\SYSTEM32\VERSION.dll
0x00007ffd85910000 - 0x00007ffd85922000 	C:\Windows\SYSTEM32\kernel.appcore.dll
0x00007ffd789c0000 - 0x00007ffd789ca000 	C:\Users\Administrator\Downloads\eclipse\plugins\org.eclipse.justj.openjdk.hotspot.jre.full.win32.x86_64_15.0.2.v20210201-0955\jre\bin\jimage.dll
0x00007ffd78190000 - 0x00007ffd78374000 	C:\Windows\SYSTEM32\DBGHELP.DLL
0x00007ffd77ef0000 - 0x00007ffd77f1c000 	C:\Windows\SYSTEM32\dbgcore.DLL
0x00007ffd881e0000 - 0x00007ffd88260000 	C:\Windows\System32\bcryptPrimitives.dll
0x00007ffd73060000 - 0x00007ffd73085000 	C:\Users\Administrator\Downloads\eclipse\plugins\org.eclipse.justj.openjdk.hotspot.jre.full.win32.x86_64_15.0.2.v20210201-0955\jre\bin\java.dll

dbghelp: loaded successfully - version: 4.0.5 - missing functions: none
symbol engine: initialized successfully - sym options: 0x614 - pdb path: .;C:\Users\Administrator\Downloads\eclipse\plugins\org.eclipse.justj.openjdk.hotspot.jre.full.win32.x86_64_15.0.2.v20210201-0955\jre\bin;C:\Windows\SYSTEM32;C:\Windows\WinSxS\amd64_microsoft.windows.common-controls_6595b64144ccf1df_6.0.19041.844_none_ca00b6081b84eb1d;C:\Users\Administrator\Downloads\eclipse\plugins\org.eclipse.justj.openjdk.hotspot.jre.full.win32.x86_64_15.0.2.v20210201-0955\jre\bin\server

VM Arguments:
jvm_args: -Dfile.encoding=UTF-8 -XX:+ShowCodeDetailsInExceptionMessages 
java_command: 빠른_A_B.Main_15552
java_class_path (initial): C:\bizworks\baekjoon\Baekjoon_Algorithm\for문\bin
Launcher Type: SUN_STANDARD

[Global flags]
     intx CICompilerCount                          = 2                                         {product} {ergonomic}
     uint ConcGCThreads                            = 1                                         {product} {ergonomic}
     uint G1ConcRefinementThreads                  = 2                                         {product} {ergonomic}
   size_t G1HeapRegionSize                         = 1048576                                   {product} {ergonomic}
    uintx GCDrainStackTargetSize                   = 64                                        {product} {ergonomic}
   size_t InitialHeapSize                          = 67108864                                  {product} {ergonomic}
   size_t MarkStackSize                            = 4194304                                   {product} {ergonomic}
   size_t MaxHeapSize                              = 1052770304                                {product} {ergonomic}
   size_t MinHeapDeltaBytes                        = 1048576                                   {product} {ergonomic}
   size_t MinHeapSize                              = 8388608                                   {product} {ergonomic}
    uintx NonNMethodCodeHeapSize                   = 5826188                                {pd product} {ergonomic}
    uintx NonProfiledCodeHeapSize                  = 122916026                              {pd product} {ergonomic}
    uintx ProfiledCodeHeapSize                     = 122916026                              {pd product} {ergonomic}
    uintx ReservedCodeCacheSize                    = 251658240                              {pd product} {ergonomic}
     bool SegmentedCodeCache                       = true                                      {product} {ergonomic}
     bool ShowCodeDetailsInExceptionMessages       = true                                   {manageable} {command line}
   size_t SoftMaxHeapSize                          = 1052770304                             {manageable} {ergonomic}
     bool UseCompressedClassPointers               = true                                 {lp64_product} {ergonomic}
     bool UseCompressedOops                        = true                                 {lp64_product} {ergonomic}
     bool UseG1GC                                  = true                                      {product} {ergonomic}
     bool UseLargePagesIndividualAllocation        = false                                  {pd product} {ergonomic}

Logging:
Log output configuration:
 #0: stdout all=warning uptime,level,tags
 #1: stderr all=off uptime,level,tags

Environment Variables:
PATH=C:/Users/Administrator/Downloads/eclipse//plugins/org.eclipse.justj.openjdk.hotspot.jre.full.win32.x86_64_15.0.2.v20210201-0955/jre/bin/server;C:/Users/Administrator/Downloads/eclipse//plugins/org.eclipse.justj.openjdk.hotspot.jre.full.win32.x86_64_15.0.2.v20210201-0955/jre/bin;C:\Program Files\Common Files\Oracle\Java\javapath;C:\Program Files (x86)\Common Files\Oracle\Java\javapath;C:\Windows\system32;C:\Windows;C:\Windows\System32\Wbem;C:\Windows\System32\WindowsPowerShell\v1.0\;C:\Windows\System32\OpenSSH\;C:\Program Files (x86)\Intel\Intel(R) Management Engine Components\DAL;C:\Program Files\Intel\Intel(R) Management Engine Components\DAL;C:\Program Files\Git\cmd;C:\Users\Administrator\AppData\Local\Microsoft\WindowsApps;C:\Program Files\Bandizip\;C:\Users\Administrator\AppData\Local\GitHubDesktop\bin;C:\Users\Administrator\Downloads\eclipse;
USERNAME=Administrator
OS=Windows_NT
PROCESSOR_IDENTIFIER=Intel64 Family 6 Model 158 Stepping 9, GenuineIntel



---------------  S Y S T E M  ---------------

OS:
 Windows 10 , 64 bit Build 19041 (10.0.19041.804)
OS uptime: 0 days 0:38 hours

CPU: total 2 (initial active 2) (2 cores per cpu, 1 threads per core) family 6 model 158 stepping 9 microcode 0xde, cmov, cx8, fxsr, mmx, sse, sse2, sse3, ssse3, sse4.1, sse4.2, popcnt, aes, clmul, erms, 3dnowpref, lzcnt, tsc, tscinvbit, clflush, clflushopt

Memory: 4k page, system-wide physical 4008M (420M free)
TotalPageFile size 4008M (AvailPageFile size 43M)
current process WorkingSet (physical memory assigned to process): 9M, peak: 9M
current process commit charge ("private bytes"): 47M, peak: 111M

vm_info: OpenJDK 64-Bit Server VM (15.0.2+7-27) for windows-amd64 JRE (15.0.2+7-27), built on Dec  7 2020 20:02:38 by "mach5one" with unknown MS VC++:1925

END.
